nohup: ignoring input
[2025-03-30 16:27:24 +0700] [36277] [INFO] Starting gunicorn 23.0.0
[2025-03-30 16:27:24 +0700] [36277] [ERROR] Connection in use: ('0.0.0.0', 8000)
[2025-03-30 16:27:24 +0700] [36277] [ERROR] connection to ('0.0.0.0', 8000) failed: [Errno 98] Address already in use
[2025-03-30 16:30:20 +0700] [36273] [CRITICAL] WORKER TIMEOUT (pid:36275)
[2025-03-30 16:30:20 +0700] [36275] [ERROR] Error handling request (no URI read)
Traceback (most recent call last):
  File "/home/chika/Downloads/Youtube Downloader/venv/lib/python3.12/site-packages/gunicorn/workers/sync.py", line 133, in handle
    req = next(parser)
          ^^^^^^^^^^^^
  File "/home/chika/Downloads/Youtube Downloader/venv/lib/python3.12/site-packages/gunicorn/http/parser.py", line 41, in __next__
    self.mesg = self.mesg_class(self.cfg, self.unreader, self.source_addr, self.req_count)
                ^^^^^^^^^^^^^^^^^^^^^^^^^^^^^^^^^^^^^^^^^^^^^^^^^^^^^^^^^^^^^^^^^^^^^^^^^^
  File "/home/chika/Downloads/Youtube Downloader/venv/lib/python3.12/site-packages/gunicorn/http/message.py", line 259, in __init__
    super().__init__(cfg, unreader, peer_addr)
  File "/home/chika/Downloads/Youtube Downloader/venv/lib/python3.12/site-packages/gunicorn/http/message.py", line 60, in __init__
    unused = self.parse(self.unreader)
             ^^^^^^^^^^^^^^^^^^^^^^^^^
  File "/home/chika/Downloads/Youtube Downloader/venv/lib/python3.12/site-packages/gunicorn/http/message.py", line 271, in parse
    self.get_data(unreader, buf, stop=True)
  File "/home/chika/Downloads/Youtube Downloader/venv/lib/python3.12/site-packages/gunicorn/http/message.py", line 262, in get_data
    data = unreader.read()
           ^^^^^^^^^^^^^^^
  File "/home/chika/Downloads/Youtube Downloader/venv/lib/python3.12/site-packages/gunicorn/http/unreader.py", line 36, in read
    d = self.chunk()
        ^^^^^^^^^^^^
  File "/home/chika/Downloads/Youtube Downloader/venv/lib/python3.12/site-packages/gunicorn/http/unreader.py", line 63, in chunk
    return self.sock.recv(self.mxchunk)
           ^^^^^^^^^^^^^^^^^^^^^^^^^^^^
  File "/home/chika/Downloads/Youtube Downloader/venv/lib/python3.12/site-packages/gunicorn/workers/base.py", line 204, in handle_abort
    sys.exit(1)
SystemExit: 1
[2025-03-30 16:30:20 +0700] [36275] [INFO] Worker exiting (pid: 36275)
[2025-03-30 16:30:20 +0700] [36331] [INFO] Booting worker with pid: 36331
[2025-03-30 16:30:51 +0700] [36273] [CRITICAL] WORKER TIMEOUT (pid:36331)
[2025-03-30 16:30:51 +0700] [36331] [ERROR] Error handling request (no URI read)
Traceback (most recent call last):
  File "/home/chika/Downloads/Youtube Downloader/venv/lib/python3.12/site-packages/gunicorn/workers/sync.py", line 133, in handle
    req = next(parser)
          ^^^^^^^^^^^^
  File "/home/chika/Downloads/Youtube Downloader/venv/lib/python3.12/site-packages/gunicorn/http/parser.py", line 41, in __next__
    self.mesg = self.mesg_class(self.cfg, self.unreader, self.source_addr, self.req_count)
                ^^^^^^^^^^^^^^^^^^^^^^^^^^^^^^^^^^^^^^^^^^^^^^^^^^^^^^^^^^^^^^^^^^^^^^^^^^
  File "/home/chika/Downloads/Youtube Downloader/venv/lib/python3.12/site-packages/gunicorn/http/message.py", line 259, in __init__
    super().__init__(cfg, unreader, peer_addr)
  File "/home/chika/Downloads/Youtube Downloader/venv/lib/python3.12/site-packages/gunicorn/http/message.py", line 60, in __init__
    unused = self.parse(self.unreader)
             ^^^^^^^^^^^^^^^^^^^^^^^^^
  File "/home/chika/Downloads/Youtube Downloader/venv/lib/python3.12/site-packages/gunicorn/http/message.py", line 271, in parse
    self.get_data(unreader, buf, stop=True)
  File "/home/chika/Downloads/Youtube Downloader/venv/lib/python3.12/site-packages/gunicorn/http/message.py", line 262, in get_data
    data = unreader.read()
           ^^^^^^^^^^^^^^^
  File "/home/chika/Downloads/Youtube Downloader/venv/lib/python3.12/site-packages/gunicorn/http/unreader.py", line 36, in read
    d = self.chunk()
        ^^^^^^^^^^^^
  File "/home/chika/Downloads/Youtube Downloader/venv/lib/python3.12/site-packages/gunicorn/http/unreader.py", line 63, in chunk
    return self.sock.recv(self.mxchunk)
           ^^^^^^^^^^^^^^^^^^^^^^^^^^^^
  File "/home/chika/Downloads/Youtube Downloader/venv/lib/python3.12/site-packages/gunicorn/workers/base.py", line 204, in handle_abort
    sys.exit(1)
SystemExit: 1
[2025-03-30 16:30:51 +0700] [36331] [INFO] Worker exiting (pid: 36331)
[2025-03-30 16:30:51 +0700] [36335] [INFO] Booting worker with pid: 36335
